AUDIO_IO_SPIKE_RESULT_BEGIN
part_a.status=passed
part_a.sample_rate=48000
part_a.window_ms=300.0
part_a.frame_count=14400
part_a.lane1.target_rms_left_dbfs=-12.000
part_a.lane1.target_rms_right_dbfs=-7.000
part_a.lane1.measured_rms_left_dbfs=-11.997
part_a.lane1.measured_rms_right_dbfs=-7.001
part_a.lane1.delta_left_db=0.003
part_a.lane1.delta_right_db=-0.001
part_a.lane2.target_rms_left_dbfs=-18.000
part_a.lane2.target_rms_right_dbfs=-9.000
part_a.lane2.measured_rms_left_dbfs=-17.998
part_a.lane2.measured_rms_right_dbfs=-9.000
part_a.lane2.delta_left_db=0.002
part_a.lane2.delta_right_db=-0.000
part_a.lane3.target_rms_left_dbfs=-24.000
part_a.lane3.target_rms_right_dbfs=-4.500
part_a.lane3.measured_rms_left_dbfs=-24.001
part_a.lane3.measured_rms_right_dbfs=-4.502
part_a.lane3.delta_left_db=-0.001
part_a.lane3.delta_right_db=-0.002
part_a.lane4.target_rms_left_dbfs=-30.000
part_a.lane4.target_rms_right_dbfs=-15.000
part_a.lane4.measured_rms_left_dbfs=-30.002
part_a.lane4.measured_rms_right_dbfs=-15.002
part_a.lane4.delta_left_db=-0.002
part_a.lane4.delta_right_db=-0.002
part_a.clip_test_lane=3
part_a.clip_test_injected_peak=1.010
part_a.clip_test_right_triggered=true
part_a.clip_test_left_stayed_clear=true
part_b.status=passed
part_b.reason=BlackHole abierto directamente con AVAudioEngine; callback activo y publicando por ring buffer
part_b.device_name=BlackHole 16ch
part_b.device_uid=BlackHole16ch_UID
part_b.input_channels=16
part_b.tap_channels=16
part_b.measured_channels=8
part_b.requested_frame_count=14400
part_b.observed_frame_count=14400
part_b.callback_count=3
part_b.published_sample_count=3
part_b.dropped_sample_count=0
part_b.first_sample.host_time=1148067854447
part_b.first_sample.sample_time=0
part_b.first_sample.frame_count=14400
part_b.first_sample.sample_rate=48000
part_b.first_sample.lane1.rms_left=0.043373
part_b.first_sample.lane1.rms_right=0.044032
part_b.first_sample.lane1.peak_left=0.221826
part_b.first_sample.lane1.peak_right=0.226094
part_b.first_sample.lane1.clip_left=false
part_b.first_sample.lane1.clip_right=false
part_b.first_sample.lane2.rms_left=0.000000
part_b.first_sample.lane2.rms_right=0.000000
part_b.first_sample.lane2.peak_left=0.000000
part_b.first_sample.lane2.peak_right=0.000000
part_b.first_sample.lane2.clip_left=false
part_b.first_sample.lane2.clip_right=false
part_b.first_sample.lane3.rms_left=0.000000
part_b.first_sample.lane3.rms_right=0.000000
part_b.first_sample.lane3.peak_left=0.000000
part_b.first_sample.lane3.peak_right=0.000000
part_b.first_sample.lane3.clip_left=false
part_b.first_sample.lane3.clip_right=false
part_b.first_sample.lane4.rms_left=0.000000
part_b.first_sample.lane4.rms_right=0.000000
part_b.first_sample.lane4.peak_left=0.000000
part_b.first_sample.lane4.peak_right=0.000000
part_b.first_sample.lane4.clip_left=false
part_b.first_sample.lane4.clip_right=false
part_b.last_sample.host_time=1148082254447
part_b.last_sample.sample_time=28800
part_b.last_sample.frame_count=14400
part_b.last_sample.sample_rate=48000
part_b.last_sample.lane1.rms_left=0.046219
part_b.last_sample.lane1.rms_right=0.047074
part_b.last_sample.lane1.peak_left=0.172121
part_b.last_sample.lane1.peak_right=0.176905
part_b.last_sample.lane1.clip_left=false
part_b.last_sample.lane1.clip_right=false
part_b.last_sample.lane2.rms_left=0.000000
part_b.last_sample.lane2.rms_right=0.000000
part_b.last_sample.lane2.peak_left=0.000000
part_b.last_sample.lane2.peak_right=0.000000
part_b.last_sample.lane2.clip_left=false
part_b.last_sample.lane2.clip_right=false
part_b.last_sample.lane3.rms_left=0.000000
part_b.last_sample.lane3.rms_right=0.000000
part_b.last_sample.lane3.peak_left=0.000000
part_b.last_sample.lane3.peak_right=0.000000
part_b.last_sample.lane3.clip_left=false
part_b.last_sample.lane3.clip_right=false
part_b.last_sample.lane4.rms_left=0.000000
part_b.last_sample.lane4.rms_right=0.000000
part_b.last_sample.lane4.peak_left=0.000000
part_b.last_sample.lane4.peak_right=0.000000
part_b.last_sample.lane4.clip_left=false
part_b.last_sample.lane4.clip_right=false
AUDIO_IO_SPIKE_RESULT_END